c:\users\alpka\desktop\game\sro_extensions\tools\sroworldeditor\build\sroworldeditor.dir\release\selecttool.obj
c:\users\alpka\desktop\game\sro_extensions\tools\sroworldeditor\build\sroworldeditor.dir\release\sqlexporter.obj
c:\users\alpka\desktop\game\sro_extensions\tools\sroworldeditor\build\sroworldeditor.dir\release\validator.obj
c:\users\alpka\desktop\game\sro_extensions\tools\sroworldeditor\build\sroworldeditor.dir\release\world.obj
c:\users\alpka\desktop\game\sro_extensions\tools\sroworldeditor\build\sroworldeditor.dir\release\commandhistory.obj
c:\users\alpka\desktop\game\sro_extensions\tools\sroworldeditor\build\sroworldeditor.dir\release\logger.obj
c:\users\alpka\desktop\game\sro_extensions\tools\sroworldeditor\build\sroworldeditor.dir\release\imguilayer.obj
c:\users\alpka\desktop\game\sro_extensions\tools\sroworldeditor\build\sroworldeditor.dir\release\rendererd3d9.obj
c:\users\alpka\desktop\game\sro_extensions\tools\sroworldeditor\build\sroworldeditor.dir\release\camera.obj
c:\users\alpka\desktop\game\sro_extensions\tools\sroworldeditor\build\sroworldeditor.dir\release\imgui_tables.obj
c:\users\alpka\desktop\game\sro_extensions\tools\sroworldeditor\build\sroworldeditor.dir\release\imgui_draw.obj
c:\users\alpka\desktop\game\sro_extensions\tools\sroworldeditor\build\sroworldeditor.dir\release\imgui.obj
c:\users\alpka\desktop\game\sro_extensions\tools\sroworldeditor\build\sroworldeditor.dir\release\worldmapcontrol.obj
c:\users\alpka\desktop\game\sro_extensions\tools\sroworldeditor\build\sroworldeditor.dir\release\nvmrenderer.obj
c:\users\alpka\desktop\game\sro_extensions\tools\sroworldeditor\build\sroworldeditor.dir\release\meshrenderer.obj
c:\users\alpka\desktop\game\sro_extensions\tools\sroworldeditor\build\sroworldeditor.dir\release\terrainrenderer.obj
c:\users\alpka\desktop\game\sro_extensions\tools\sroworldeditor\build\sroworldeditor.dir\release\texture.obj
c:\users\alpka\desktop\game\sro_extensions\tools\sroworldeditor\build\sroworldeditor.dir\release\ddjparser.obj
c:\users\alpka\desktop\game\sro_extensions\tools\sroworldeditor\build\sroworldeditor.dir\release\bsrparser.obj
c:\users\alpka\desktop\game\sro_extensions\tools\sroworldeditor\build\sroworldeditor.dir\release\bmtparser.obj
c:\users\alpka\desktop\game\sro_extensions\tools\sroworldeditor\build\sroworldeditor.dir\release\bmsparser.obj
c:\users\alpka\desktop\game\sro_extensions\tools\sroworldeditor\build\sroworldeditor.dir\release\imgui_impl_win32.obj
c:\users\alpka\desktop\game\sro_extensions\tools\sroworldeditor\build\sroworldeditor.dir\release\imgui_impl_dx9.obj
c:\users\alpka\desktop\game\sro_extensions\tools\sroworldeditor\build\sroworldeditor.dir\release\imgui_widgets.obj
c:\users\alpka\desktop\game\sro_extensions\tools\sroworldeditor\build\sroworldeditor.dir\release\projectserializer.obj
c:\users\alpka\desktop\game\sro_extensions\tools\sroworldeditor\build\sroworldeditor.dir\release\editoraction.obj
c:\users\alpka\desktop\game\sro_extensions\tools\sroworldeditor\build\sroworldeditor.dir\release\editorcamera.obj
c:\users\alpka\desktop\game\sro_extensions\tools\sroworldeditor\build\sroworldeditor.dir\release\editorviewport.obj
c:\users\alpka\desktop\game\sro_extensions\tools\sroworldeditor\build\sroworldeditor.dir\release\editorcontext.obj
c:\users\alpka\desktop\game\sro_extensions\tools\sroworldeditor\build\sroworldeditor.dir\release\editor.obj
c:\users\alpka\desktop\game\sro_extensions\tools\sroworldeditor\build\sroworldeditor.dir\release\assetbrowserpanel.obj
c:\users\alpka\desktop\game\sro_extensions\tools\sroworldeditor\build\sroworldeditor.dir\release\propertiespanel.obj
c:\users\alpka\desktop\game\sro_extensions\tools\sroworldeditor\build\sroworldeditor.dir\release\mainmenubar.obj
c:\users\alpka\desktop\game\sro_extensions\tools\sroworldeditor\build\sroworldeditor.dir\release\validationpanel.obj
c:\users\alpka\desktop\game\sro_extensions\tools\sroworldeditor\build\sroworldeditor.dir\release\consolepanel.obj
c:\users\alpka\desktop\game\sro_extensions\tools\sroworldeditor\build\sroworldeditor.dir\release\regionmanagerpanel.obj
c:\users\alpka\desktop\game\sro_extensions\tools\sroworldeditor\build\sroworldeditor.dir\release\viewportpanel.obj
c:\users\alpka\desktop\game\sro_extensions\tools\sroworldeditor\build\sroworldeditor.dir\release\toolbar.obj
c:\users\alpka\desktop\game\sro_extensions\tools\sroworldeditor\build\sroworldeditor.dir\release\worldoutlinerbuild.obj
c:\users\alpka\desktop\game\sro_extensions\tools\sroworldeditor\build\sroworldeditor.dir\release\editorbuild.obj
c:\users\alpka\desktop\game\sro_extensions\tools\sroworldeditor\build\sroworldeditor.dir\release\main.obj
c:\users\alpka\desktop\game\sro_extensions\tools\sroworldeditor\build\sroworldeditor.dir\release\viewportframebuffer.obj
c:\users\alpka\desktop\game\sro_extensions\tools\sroworldeditor\build\sroworldeditor.dir\release\mapplacementparser.obj
c:\users\alpka\desktop\game\sro_extensions\tools\sroworldeditor\build\sroworldeditor.dir\release\mapmeshparser.obj
c:\users\alpka\desktop\game\sro_extensions\tools\sroworldeditor\build\sroworldeditor.dir\release\scenerenderer.obj
c:\users\alpka\desktop\game\sro_extensions\tools\sroworldeditor\build\sroworldeditor.dir\release\mapprojectparser.obj
c:\users\alpka\desktop\game\sro_extensions\tools\sroworldeditor\build\sroworldeditor.dir\release\navmeshparser.obj
c:\users\alpka\desktop\game\sro_extensions\tools\sroworldeditor\build\sroworldeditor.dir\release\sroworldsession.obj
c:\users\alpka\desktop\game\sro_extensions\tools\sroworldeditor\build\sroworldeditor.dir\release\tile2dindex.obj
c:\users\alpka\desktop\game\sro_extensions\tools\sroworldeditor\build\sroworldeditor.dir\release\objectindex.obj
c:\users\alpka\desktop\game\sro_extensions\tools\sroworldeditor\build\sroworldeditor.dir\release\sroglobals.obj
c:\users\alpka\desktop\game\sro_extensions\tools\sroworldeditor\build\sroworldeditor.dir\release\propertysectionui.obj
c:\users\alpka\desktop\game\sro_extensions\tools\sroworldeditor\build\sroworldeditor.dir\release\entitypropertyapplier.obj
c:\users\alpka\desktop\game\sro_extensions\tools\sroworldeditor\build\sroworldeditor.dir\release\entitypropertybuilder.obj
c:\users\alpka\desktop\game\sro_extensions\tools\sroworldeditor\build\sroworldeditor.dir\release\clientdatacache.obj
c:\users\alpka\desktop\game\sro_extensions\tools\sroworldeditor\build\sroworldeditor.dir\release\editorsession.obj
c:\users\alpka\desktop\game\sro_extensions\tools\sroworldeditor\build\sroworldeditor.dir\release\cpdparser.obj
c:\users\alpka\desktop\game\sro_extensions\tools\sroworldeditor\build\sroworldeditor.dir\release\worldmappanel.obj
c:\users\alpka\desktop\game\sro_extensions\tools\sroworldeditor\build\sroworldeditor.dir\release\minimapwidget.obj
c:\users\alpka\desktop\game\sro_extensions\tools\sroworldeditor\build\sroworldeditor.dir\release\maptexturecache.obj
c:\users\alpka\desktop\game\sro_extensions\tools\sroworldeditor\build\sroworldeditor.dir\release\objectviewerpanel.obj
c:\users\alpka\desktop\game\sro_extensions\tools\sroworldeditor\build\sroworldeditor.dir\release\npceditorpanel.obj
c:\users\alpka\desktop\game\sro_extensions\tools\sroworldeditor\build\sroworldeditor.dir\release\banparser.obj
c:\users\alpka\desktop\game\sro_extensions\tools\sroworldeditor\build\sroworldeditor.dir\release\assetpathresolver.obj
c:\users\alpka\desktop\game\sro_extensions\tools\sroworldeditor\build\sroworldeditor.dir\release\objectinspector.obj
c:\users\alpka\desktop\game\sro_extensions\tools\sroworldeditor\build\sroworldeditor.dir\release\textdatacatalog.obj
c:\users\alpka\desktop\game\sro_extensions\tools\sroworldeditor\build\sroworldeditor.dir\release\skeletonanimator.obj
c:\users\alpka\desktop\game\sro_extensions\tools\sroworldeditor\build\sroworldeditor.dir\release\stringtablecatalog.obj
c:\users\alpka\desktop\game\sro_extensions\tools\sroworldeditor\build\sroworldeditor.dir\release\clientplacementcatalog.obj
c:\users\alpka\desktop\game\sro_extensions\tools\sroworldeditor\build\sroworldeditor.dir\release\textdecode.obj
c:\users\alpka\desktop\game\sro_extensions\tools\sroworldeditor\build\sroworldeditor.dir\release\assetresolver.obj
c:\users\alpka\desktop\game\sro_extensions\tools\sroworldeditor\build\sroworldeditor.dir\release\efpparser.obj
c:\users\alpka\desktop\game\sro_extensions\tools\sroworldeditor\build\sroworldeditor.dir\release\effectrenderer.obj
c:\users\alpka\desktop\game\sro_extensions\tools\sroworldeditor\build\sroworldeditor.dir\release\d3dx9shaderassembler.obj
c:\users\alpka\desktop\game\sro_extensions\tools\sroworldeditor\build\sroworldeditor.dir\release\waterrenderer.obj
c:\users\alpka\desktop\game\sro_extensions\tools\sroworldeditor\build\sroworldeditor.dir\release\particlesystem.obj
c:\users\alpka\desktop\game\sro_extensions\tools\sroworldeditor\build\sroworldeditor.dir\release\particlesystemdraw.obj
c:\users\alpka\desktop\game\sro_extensions\tools\sroworldeditor\build\sroworldeditor.dir\release\navmesheditorpanel.obj
c:\users\alpka\desktop\game\sro_extensions\tools\sroworldeditor\build\sroworldeditor.dir\release\collisioneditorpanel.obj
c:\users\alpka\desktop\game\sro_extensions\tools\sroworldeditor\build\sroworldeditor.dir\release\dofparser.obj
c:\users\alpka\desktop\game\sro_extensions\tools\sroworldeditor\build\sroworldeditor.dir\release\dofrenderer.obj
c:\users\alpka\desktop\game\sro_extensions\tools\sroworldeditor\build\sroworldeditor.dir\release\ainavdataparser.obj
c:\users\alpka\desktop\game\sro_extensions\tools\sroworldeditor\build\sroworldeditor.dir\release\dungeonnavpanel.obj
c:\users\alpka\desktop\game\sro_extensions\tools\sroworldeditor\build\sroworldeditor.dir\release\navmeshgenerator.obj
c:\users\alpka\desktop\game\sro_extensions\tools\sroworldeditor\build\sroworldeditor.dir\release\ainavdatapanel.obj
c:\users\alpka\desktop\game\sro_extensions\tools\sroworldeditor\build\sroworldeditor.dir\release\navmeshcatalog.obj
c:\users\alpka\desktop\game\sro_extensions\tools\sroworldeditor\build\sroworldeditor.dir\release\navmeshsession.obj
c:\users\alpka\desktop\game\sro_extensions\tools\sroworldeditor\build\sroworldeditor.dir\release\terrainnavpanel.obj
c:\users\alpka\desktop\game\sro_extensions\tools\sroworldeditor\build\sroworldeditor.dir\release\ainavdatarenderer.obj
c:\users\alpka\desktop\game\sro_extensions\tools\sroworldeditor\build\sroworldeditor.dir\release\navmesheditorservice.obj
c:\users\alpka\desktop\game\sro_extensions\tools\sroworldeditor\build\sroworldeditor.dir\release\navmeshbrowserpanel.obj
c:\users\alpka\desktop\game\sro_extensions\tools\sroworldeditor\build\cmakefiles\generate.stamp
c:\users\alpka\desktop\game\sro_extensions\output\release\sroworldeditor\sroworldeditor.exe
c:\users\alpka\desktop\game\sro_extensions\tools\sroworldeditor\build\sroworldeditor.dir\release\mfoparser.obj
c:\users\alpka\desktop\game\sro_extensions\tools\sroworldeditor\build\sroworldeditor.dir\release\mpoparser.obj
c:\users\alpka\desktop\game\sro_extensions\tools\sroworldeditor\build\sroworldeditor.dir\release\mprparser.obj
c:\users\alpka\desktop\game\sro_extensions\tools\sroworldeditor\build\sroworldeditor.dir\release\nvmparser.obj
c:\users\alpka\desktop\game\sro_extensions\tools\sroworldeditor\build\sroworldeditor.dir\release\terrainmeshbuilder.obj
c:\users\alpka\desktop\game\sro_extensions\tools\sroworldeditor\build\sroworldeditor.dir\release\terrainregionloader.obj
c:\users\alpka\desktop\game\sro_extensions\tools\sroworldeditor\build\sroworldeditor.dir\release\sroworldeditor.tlog\cl.command.1.tlog
c:\users\alpka\desktop\game\sro_extensions\tools\sroworldeditor\build\sroworldeditor.dir\release\sroworldeditor.tlog\cl.items.tlog
c:\users\alpka\desktop\game\sro_extensions\tools\sroworldeditor\build\sroworldeditor.dir\release\sroworldeditor.tlog\cl.read.1.tlog
c:\users\alpka\desktop\game\sro_extensions\tools\sroworldeditor\build\sroworldeditor.dir\release\sroworldeditor.tlog\cl.write.1.tlog
c:\users\alpka\desktop\game\sro_extensions\tools\sroworldeditor\build\sroworldeditor.dir\release\sroworldeditor.tlog\custombuild.command.1.tlog
c:\users\alpka\desktop\game\sro_extensions\tools\sroworldeditor\build\sroworldeditor.dir\release\sroworldeditor.tlog\custombuild.read.1.tlog
c:\users\alpka\desktop\game\sro_extensions\tools\sroworldeditor\build\sroworldeditor.dir\release\sroworldeditor.tlog\custombuild.write.1.tlog
c:\users\alpka\desktop\game\sro_extensions\tools\sroworldeditor\build\sroworldeditor.dir\release\sroworldeditor.tlog\link.command.1.tlog
c:\users\alpka\desktop\game\sro_extensions\tools\sroworldeditor\build\sroworldeditor.dir\release\sroworldeditor.tlog\link.read.1.tlog
c:\users\alpka\desktop\game\sro_extensions\tools\sroworldeditor\build\sroworldeditor.dir\release\sroworldeditor.tlog\link.secondary.1.tlog
c:\users\alpka\desktop\game\sro_extensions\tools\sroworldeditor\build\sroworldeditor.dir\release\sroworldeditor.tlog\link.write.1.tlog
