c:\users\alpka\desktop\game\sro_ext_client\build\release\ext_client\ext_client.dir\debug\log.obj
c:\users\alpka\desktop\game\sro_ext_client\build\release\ext_client\ext_client.dir\debug\menu.obj
c:\users\alpka\desktop\game\sro_ext_client\build\release\ext_client\ext_client.dir\debug\cps_version_check.obj
c:\users\alpka\desktop\game\sro_ext_client\build\release\ext_client\ext_client.dir\debug\ext_client.obj
c:\users\alpka\desktop\game\sro_ext_client\build\release\ext_client\ext_client.dir\debug\cps_title.obj
c:\users\alpka\desktop\game\sro_ext_client\build\release\ext_client\ext_client.dir\debug\dllmain.obj
c:\users\alpka\desktop\game\sro_ext_client\build\release\ext_client\ext_client.dir\debug\d3d_hook.obj
c:\users\alpka\desktop\game\sro_ext_client\build\release\ext_client\ext_client.dir\debug\cif_manager.obj
c:\users\alpka\desktop\game\sro_ext_client\build\release\ext_client\ext_client.dir\debug\sro_hierarchy.obj
c:\users\alpka\desktop\game\sro_ext_client\build\release\ext_client\ext_client.dir\debug\cif_static.obj
c:\users\alpka\desktop\game\sro_ext_client\build\release\ext_client\ext_client.dir\debug\cd3d_application.obj
c:\users\alpka\desktop\game\sro_ext_client\build\release\ext_client\ext_client.dir\debug\cgwnd.obj
c:\users\alpka\desktop\game\sro_ext_client\build\release\ext_client\ext_client.dir\debug\imgui_tables.obj
c:\users\alpka\desktop\game\sro_ext_client\build\release\ext_client\ext_client.dir\debug\widget_inspector.obj
c:\users\alpka\desktop\game\sro_ext_client\build\release\ext_client\ext_client.dir\debug\title_hook.obj
c:\users\alpka\desktop\game\sro_ext_client\build\release\ext_client\ext_client.dir\debug\version_check_hook.obj
c:\users\alpka\desktop\game\sro_ext_client\build\release\ext_client\ext_client.dir\debug\cgfx_video3d.obj
c:\users\alpka\desktop\game\sro_ext_client\build\release\ext_client\ext_client.dir\debug\vc143.pdb
c:\users\alpka\desktop\game\sro_ext_client\build\release\ext_client\ext_client.dir\debug\make_hook.obj
c:\users\alpka\desktop\game\sro_ext_client\build\release\ext_client\ext_client.dir\debug\cclient_net.obj
c:\users\alpka\desktop\game\sro_ext_client\build\release\ext_client\ext_client.dir\debug\packet_inspector.obj
c:\users\alpka\desktop\game\sro_ext_client\build\release\ext_client\ext_client.dir\debug\cmsg.obj
c:\users\alpka\desktop\game\sro_ext_client\build\release\ext_client\ext_client.dir\debug\packet_hook.obj
c:\users\alpka\desktop\game\sro_ext_client\build\release\ext_client\ext_client.dir\debug\calarm_store.obj
c:\users\alpka\desktop\game\sro_ext_client\build\release\ext_client\ext_client.dir\debug\cmsg_stream_buffer.obj
c:\users\alpka\desktop\game\sro_ext_client\build\release\ext_client\ext_client.dir\debug\cnet_process.obj
c:\users\alpka\desktop\game\sro_ext_client\build\release\ext_client\ext_client.dir\debug\calarm_data.obj
c:\users\alpka\desktop\game\sro_ext_client\build\release\ext_client\ext_client.dir\debug\cps_character_select.obj
c:\users\alpka\desktop\game\sro_ext_client\build\release\ext_client\ext_client.dir\debug\calarm_entry.obj
c:\users\alpka\desktop\game\sro_ext_client\build\release\ext_client\ext_client.dir\debug\cg_interface.obj
c:\users\alpka\desktop\game\sro_ext_client\build\release\ext_client\ext_client.dir\debug\calarm_guide_mgr_wnd.obj
c:\users\alpka\desktop\game\sro_ext_client\build\release\ext_client\ext_client.dir\debug\config_panel.obj
c:\users\alpka\desktop\game\sro_ext_client\build\release\ext_client\ext_client.dir\debug\client_config.obj
c:\users\alpka\desktop\game\sro_ext_client\build\release\ext_client\ext_client.dir\debug\menu_ui.obj
c:\users\alpka\desktop\game\sro_ext_client\build\release\ext_client\ext_client.dir\debug\ui_res_catalog.obj
c:\users\alpka\desktop\game\sro_ext_client\build\release\ext_client\ext_client.dir\debug\hook_manager.obj
c:\users\alpka\desktop\game\sro_ext_client\build\release\ext_client\ext_client.dir\debug\msvc9_stl.obj
c:\users\alpka\desktop\game\sro_ext_client\build\release\ext_client\ext_client.dir\debug\net_msg.obj
c:\users\alpka\desktop\game\sro_ext_client\build\release\ext_client\ext_client.dir\debug\net_manager.obj
c:\users\alpka\desktop\game\sro_ext_client\build\release\ext_client\ext_client.dir\debug\interface_hide_hook.obj
c:\users\alpka\desktop\game\sro_ext_client\build\release\ext_client\ext_client.dir\debug\cnif_sro_ingame_start.obj
c:\users\alpka\desktop\game\sro_ext_client\build\release\ext_client\ext_client.dir\debug\calarm_guide_mgr_control.obj
c:\users\alpka\desktop\game\sro_ext_client\build\release\ext_client\cmakefiles\generate.stamp
c:\users\alpka\desktop\game\sro_ext_client\output\debug\ext_client.dll
c:\users\alpka\desktop\game\sro_ext_client\output\debug\ext_client.pdb
c:\users\alpka\desktop\game\sro_ext_client\build\release\ext_client\ext_client.dir\debug\ext_client.ilk
c:\users\alpka\desktop\game\sro_ext_client\build\release\ext_client\ext_client.dir\debug\calarm_guide_mgr_hook.obj
c:\users\alpka\desktop\game\sro_ext_client\build\release\ext_client\ext_client.dir\debug\calram_guide_mgr_wnd.obj
c:\users\alpka\desktop\game\sro_ext_client\build\release\ext_client\ext_client.dir\debug\cif_decorated_static.obj
c:\users\alpka\desktop\game\sro_ext_client\build\release\ext_client\ext_client.dir\debug\cif_facebook_link_alram.obj
c:\users\alpka\desktop\game\sro_ext_client\build\release\ext_client\ext_client.dir\debug\cif_magic_lamp_alram.obj
c:\users\alpka\desktop\game\sro_ext_client\build\release\ext_client\ext_client.dir\debug\cif_wnd.obj
c:\users\alpka\desktop\game\sro_ext_client\build\release\ext_client\ext_client.dir\debug\class_layout_check.obj
c:\users\alpka\desktop\game\sro_ext_client\build\release\ext_client\ext_client.dir\debug\example_window.obj
c:\users\alpka\desktop\game\sro_ext_client\build\release\ext_client\ext_client.dir\debug\game_classes.obj
c:\users\alpka\desktop\game\sro_ext_client\build\release\ext_client\ext_client.dir\debug\handlers.obj
c:\users\alpka\desktop\game\sro_ext_client\build\release\ext_client\ext_client.dir\debug\imgui.obj
c:\users\alpka\desktop\game\sro_ext_client\build\release\ext_client\ext_client.dir\debug\imgui_draw.obj
c:\users\alpka\desktop\game\sro_ext_client\build\release\ext_client\ext_client.dir\debug\imgui_impl_dx9.obj
c:\users\alpka\desktop\game\sro_ext_client\build\release\ext_client\ext_client.dir\debug\imgui_impl_win32.obj
c:\users\alpka\desktop\game\sro_ext_client\build\release\ext_client\ext_client.dir\debug\imgui_widgets.obj
c:\users\alpka\desktop\game\sro_ext_client\build\release\ext_client\ext_client.dir\debug\irm_bridge.obj
c:\users\alpka\desktop\game\sro_ext_client\build\release\ext_client\ext_client.dir\debug\msvc2008_stl.obj
c:\users\alpka\desktop\game\sro_ext_client\build\release\ext_client\ext_client.dir\debug\packet_log.obj
c:\users\alpka\desktop\game\sro_ext_client\build\release\ext_client\ext_client.dir\debug\promo_alarm_hide.obj
c:\users\alpka\desktop\game\sro_ext_client\build\release\ext_client\ext_client.dir\debug\promo_alarm_hook.obj
c:\users\alpka\desktop\game\sro_ext_client\build\release\ext_client\ext_client.dir\debug\stl_layout_check.obj
c:\users\alpka\desktop\game\sro_ext_client\build\release\ext_client\ext_client.dir\debug\ext_client.tlog\cl.command.1.tlog
c:\users\alpka\desktop\game\sro_ext_client\build\release\ext_client\ext_client.dir\debug\ext_client.tlog\cl.items.tlog
c:\users\alpka\desktop\game\sro_ext_client\build\release\ext_client\ext_client.dir\debug\ext_client.tlog\cl.read.1.tlog
c:\users\alpka\desktop\game\sro_ext_client\build\release\ext_client\ext_client.dir\debug\ext_client.tlog\cl.write.1.tlog
c:\users\alpka\desktop\game\sro_ext_client\build\release\ext_client\ext_client.dir\debug\ext_client.tlog\custombuild.command.1.tlog
c:\users\alpka\desktop\game\sro_ext_client\build\release\ext_client\ext_client.dir\debug\ext_client.tlog\custombuild.read.1.tlog
c:\users\alpka\desktop\game\sro_ext_client\build\release\ext_client\ext_client.dir\debug\ext_client.tlog\custombuild.write.1.tlog
c:\users\alpka\desktop\game\sro_ext_client\build\release\ext_client\ext_client.dir\debug\ext_client.tlog\link.command.1.tlog
c:\users\alpka\desktop\game\sro_ext_client\build\release\ext_client\ext_client.dir\debug\ext_client.tlog\link.read.1.tlog
c:\users\alpka\desktop\game\sro_ext_client\build\release\ext_client\ext_client.dir\debug\ext_client.tlog\link.secondary.1.tlog
c:\users\alpka\desktop\game\sro_ext_client\build\release\ext_client\ext_client.dir\debug\ext_client.tlog\link.write.1.tlog
